[debug] [2022-09-06T21:12:59.673Z] ----------------------------------------------------------------------
[debug] [2022-09-06T21:12:59.685Z] Command:       C:\Program Files\nodejs\node.exe C:\Users\User\AppData\Roaming\npm\node_modules\firebase-tools\lib\bin\firebase.js login
[debug] [2022-09-06T21:12:59.688Z] CLI Version:   11.8.0
[debug] [2022-09-06T21:12:59.689Z] Platform:      win32
[debug] [2022-09-06T21:12:59.690Z] Node Version:  v16.15.0
[debug] [2022-09-06T21:13:00.363Z] Time:          Wed Sep 07 2022 00:12:59 GMT+0300 (Arabian Standard Time)
[debug] [2022-09-06T21:13:00.364Z] ----------------------------------------------------------------------
[debug] 
[debug] [2022-09-06T21:13:00.405Z] >>> [apiv2][query] GET https://firebase-public.firebaseio.com/cli.json [none]
[info] i  Firebase optionally collects CLI and Emulator Suite usage and error reporting information to help improve our products. Data is collected in accordance with Google's privacy policy (https://policies.google.com/privacy) and is not used to identify you.
 
[debug] [2022-09-06T21:13:10.013Z] <<< [apiv2][status] GET https://firebase-public.firebaseio.com/cli.json 200
[debug] [2022-09-06T21:13:10.022Z] <<< [apiv2][body] GET https://firebase-public.firebaseio.com/cli.json {"cloudBuildErrorAfter":1594252800000,"cloudBuildWarnAfter":1590019200000,"defaultNode10After":1594252800000,"minVersion":"3.0.5","node8DeploysDisabledAfter":1613390400000,"node8RuntimeDisabledAfter":1615809600000,"node8WarnAfter":1600128000000}
[info] i  To change your data collection preference at any time, run `firebase logout` and log in again. 
[info] 
[info] Visit this URL on this device to log in:
[info] https://accounts.google.com/o/oauth2/auth?client_id=563584335869-fgrhgmd47bqnekij5i8b5pr03ho849e6.apps.googleusercontent.com&scope=email%20openid%20https%3A%2F%2Fwww.googleapis.com%2Fauth%2Fcloudplatformprojects.readonly%20https%3A%2F%2Fwww.googleapis.com%2Fauth%2Ffirebase%20https%3A%2F%2Fwww.googleapis.com%2Fauth%2Fcloud-platform&response_type=code&state=395220554&redirect_uri=http%3A%2F%2Flocalhost%3A9005
[info] 
[info] Waiting for authentication...
[debug] [2022-09-06T21:16:52.372Z] >>> [apiv2][query] POST https://accounts.google.com/o/oauth2/token [none]
[debug] [2022-09-06T21:16:52.373Z] >>> [apiv2][body] POST https://accounts.google.com/o/oauth2/token [omitted]
[debug] [2022-09-06T21:16:57.882Z] <<< [apiv2][status] POST https://accounts.google.com/o/oauth2/token 200
[debug] [2022-09-06T21:16:57.882Z] <<< [apiv2][body] POST https://accounts.google.com/o/oauth2/token [omitted]
[info] 
[info] +  Success! Logged in as sharonyak15@gmail.com 
[debug] [2022-09-06T21:17:06.194Z] Error: Timed out.
    at Timeout.<anonymous> (C:\Users\User\AppData\Roaming\npm\node_modules\firebase-tools\lib\utils.js:253:49)
    at listOnTimeout (node:internal/timers:559:17)
    at processTimers (node:internal/timers:502:7)
[error] 
[error] Error: An unexpected error has occurred.
[debug] [2022-09-06T21:20:10.557Z] ----------------------------------------------------------------------
[debug] [2022-09-06T21:20:10.566Z] Command:       C:\Program Files\nodejs\node.exe C:\Users\User\AppData\Roaming\npm\node_modules\firebase-tools\lib\bin\firebase.js init
[debug] [2022-09-06T21:20:10.568Z] CLI Version:   11.8.0
[debug] [2022-09-06T21:20:10.572Z] Platform:      win32
[debug] [2022-09-06T21:20:10.572Z] Node Version:  v16.15.0
[debug] [2022-09-06T21:20:10.952Z] Time:          Wed Sep 07 2022 00:20:10 GMT+0300 (Arabian Standard Time)
[debug] [2022-09-06T21:20:10.953Z] ----------------------------------------------------------------------
[debug] 
[debug] [2022-09-06T21:20:11.025Z] > command requires scopes: ["email","openid","https://www.googleapis.com/auth/cloudplatformprojects.readonly","https://www.googleapis.com/auth/firebase","https://www.googleapis.com/auth/cloud-platform"]
[debug] [2022-09-06T21:20:11.027Z] > authorizing via signed-in user (sharonyak15@gmail.com)
[info] 
     ######## #### ########  ######## ########     ###     ######  ########
     ##        ##  ##     ## ##       ##     ##  ##   ##  ##       ##
     ######    ##  ########  ######   ########  #########  ######  ######
     ##        ##  ##    ##  ##       ##     ## ##     ##       ## ##
     ##       #### ##     ## ######## ########  ##     ##  ######  ########

You're about to initialize a Firebase project in this directory:

  C:\Users\User\OneDrive\Desktop\readlist-tracker

[debug] [2022-09-06T21:22:22.956Z] Error: Timed out.
    at Timeout._onTimeout (C:\Users\User\AppData\Roaming\npm\node_modules\firebase-tools\lib\utils.js:253:49)
    at listOnTimeout (node:internal/timers:559:17)
    at processTimers (node:internal/timers:502:7)
[error] 
[error] Error: An unexpected error has occurred.
